SF:C:\cen207-2025-2026-71-eceirem-sas-cpp\README.md
DA:1,0
end_of_record
SF:C:\cen207-2025-2026-71-eceirem-sas-cpp\tests\test_recipes.cpp
DA:28,0
DA:29,0
DA:30,0
DA:32,0
DA:36,0
DA:40,0
DA:47,1
DA:61,1
DA:75,1
DA:88,1
DA:105,1
DA:121,1
DA:145,1
DA:178,1
DA:193,1
DA:225,1
DA:236,1
DA:258,1
DA:279,1
DA:300,1
DA:329,1
DA:352,1
DA:363,1
DA:384,1
DA:411,1
DA:440,1
DA:450,1
DA:468,1
DA:485,1
DA:506,1
DA:522,1
DA:540,1
DA:552,1
DA:582,1
DA:600,1
DA:625,1
DA:649,1
DA:661,1
DA:689,1
DA:707,1
DA:732,1
DA:751,1
DA:775,1
DA:786,1
DA:820,1
DA:841,1
DA:870,1
DA:891,1
DA:917,1
DA:927,1
DA:948,1
DA:973,1
DA:996,1
DA:1018,1
DA:1044,1
DA:1068,1
DA:1090,1
DA:1101,1
DA:1130,1
DA:1156,1
DA:1181,1
DA:1210,1
DA:1233,1
DA:1250,1
DA:1265,1
DA:1289,1
DA:1297,1
DA:1318,1
DA:1340,1
DA:1353,1
DA:1370,1
DA:1385,1
DA:1402,1
DA:1421,1
DA:1445,1
DA:1476,1
DA:1497,1
DA:1513,1
DA:1523,1
DA:1539,1
DA:1549,1
DA:1559,1
DA:1569,1
DA:1585,1
DA:1596,1
DA:1615,1
DA:1628,1
DA:1644,1
DA:1661,1
DA:1673,1
DA:1685,1
DA:1695,1
DA:1707,1
DA:1717,1
DA:1729,1
DA:1744,1
DA:1760,1
DA:1771,1
DA:1784,1
DA:1796,1
DA:1808,1
DA:1820,1
DA:1832,1
DA:1843,1
DA:1858,1
DA:1869,1
DA:1880,1
DA:1889,1
DA:1899,1
DA:1909,1
DA:1925,1
DA:1933,1
DA:1941,1
DA:1964,1
DA:1994,1
DA:2015,1
DA:2023,1
DA:2032,1
DA:2041,1
DA:2050,1
DA:2059,1
DA:2068,1
DA:2077,1
DA:2086,1
DA:2095,1
DA:2106,1
DA:2118,1
DA:2128,1
DA:2147,1
DA:2172,1
DA:2179,1
DA:2187,1
DA:2194,1
DA:2202,1
DA:2209,1
DA:2217,1
DA:2224,1
DA:2232,1
DA:2239,1
DA:2247,1
DA:2254,1
DA:2262,1
DA:2269,1
DA:2277,1
DA:2284,1
DA:2292,1
DA:2299,1
DA:2307,1
DA:2314,1
DA:2322,1
DA:2329,1
DA:2339,1
DA:2349,1
DA:2358,1
DA:2372,1
DA:2385,1
DA:2395,1
DA:2405,1
DA:2424,1
DA:2442,1
DA:2462,1
DA:2482,1
DA:2494,1
DA:2505,1
DA:2516,1
DA:2540,1
DA:2562,1
DA:2586,1
DA:2610,1
DA:2631,1
DA:2652,1
DA:2676,1
DA:2697,1
DA:2718,1
DA:2738,1
DA:2755,1
DA:2772,1
DA:2789,1
DA:2810,1
DA:2827,1
DA:2843,1
DA:2857,1
DA:2873,1
DA:2888,1
DA:2905,1
DA:2922,1
DA:2936,1
DA:2954,1
DA:1,1
end_of_record
