SF:C:\Users\ASUS\Desktop\cursorunkicen207-2025-2026-71-eceirem-sas-cpp\README.md
DA:1,0
end_of_record
SF:C:\Users\ASUS\Desktop\cursorunkicen207-2025-2026-71-eceirem-sas-cpp\tests\test_recipes.cpp
DA:27,0
DA:28,0
DA:29,0
DA:31,0
DA:35,0
DA:39,0
DA:46,1
DA:60,1
DA:74,1
DA:87,1
DA:104,1
DA:120,1
DA:144,1
DA:181,1
DA:192,1
DA:214,1
DA:235,1
DA:256,1
DA:289,1
DA:300,1
DA:321,1
DA:348,1
DA:377,1
DA:387,1
DA:405,1
DA:422,1
DA:447,1
DA:459,1
DA:489,1
DA:507,1
DA:536,1
DA:548,1
DA:576,1
DA:594,1
DA:623,1
DA:634,1
DA:668,1
DA:689,1
DA:722,1
DA:732,1
DA:753,1
DA:778,1
DA:801,1
DA:823,1
DA:853,1
DA:864,1
DA:893,1
DA:919,1
DA:944,1
DA:1,1
end_of_record
